INFO: kbplacer_plugin_action.py:70: Plugin version: 0.14
INFO: kbplacer_plugin_action.py:71: Python version: '3.11.5 (main, Sep 17 2025, 01:04:48) [MSC v.1944 64 bit (AMD64)]'
INFO: kbplacer_plugin_action.py:72: KiCad version: 9.0.6 with 4.2.2 msw (phoenix) wxWidgets 3.2.8
INFO: kbplacer_dialog.py:631: Language: en
INFO: kbplacer_plugin_action.py:80: GUI state: {"layout_path": "C:\\Users\\thoma\\Downloads\\keyboard-layout.json", "key_distance": [19.05, 19.05], "key_info": {"annotation_format": "SW{}", "position_option": "Default", "position": {"x": 0.0, "y": 0.0, "orientation": 0.0, "side": "Front"}, "template_path": ""}, "enable_diode_placement": true, "route_switches_with_diodes": false, "optimize_diodes_orientation": false, "diode_info": {"annotation_format": "D{}", "position_option": "Default", "position": {"x": 5.08, "y": 3.03, "orientation": 90.0, "side": "Back"}, "template_path": ""}, "additional_elements": [{"annotation_format": "ST{}", "position_option": "Custom", "position": {"x": 0.0, "y": 0.0, "orientation": 0.0, "side": "Front"}, "template_path": ""}], "route_rows_and_columns": false, "template_path": "", "generate_outline": false, "outline_delta": 0.0}
DEBUG: key_placer.py:424: Set key 1U distance: 19050000/19050000
DEBUG: key_placer.py:141: Switches by nets: defaultdict(<class 'list'>, {frozenset({'Row 3', 'Columm 3'}): ['SW33', 'SW39'], frozenset({'Columm 9', 'Row 2'}): ['SW30'], frozenset({'Row 3', 'Columm 4'}): ['SW34', 'SW40'], frozenset({'Columm 2', 'Row 3'}): ['SW32', 'SW38'], frozenset({'Columm 7', 'Row 2'}): ['SW28'], frozenset({'Columm 6', 'Row 2'}): ['SW27', 'SW21'], frozenset({'Columm 8', 'Row 2'}): ['SW29'], frozenset({'Row 3', 'Columm 1'}): ['SW31', 'SW37'], frozenset({'Row 3', 'Columm 5'}): ['SW35', 'SW41'], frozenset({'Columm 4', 'Row 2'}): ['SW19', 'SW25'], frozenset({'Columm 2', 'Row 2'}): ['SW17', 'SW23'], frozenset({'Columm 1', 'Row 2'}): ['SW22', 'SW16'], frozenset({'Columm 5', 'Row 2'}): ['SW20', 'SW26'], frozenset({'Row 2', 'Columm 3'}): ['SW24', 'SW18'], frozenset({'Columm 9', 'Row 1'}): ['SW15'], frozenset({'Row 1', 'Columm 8'}): ['SW14'], frozenset({'Columm 4', 'Row 1'}): ['SW11', 'SW4'], frozenset({'Columm 1', 'Row 1'}): ['SW8', 'SW1'], frozenset({'Row 1', 'Columm 7'}): ['SW7'], frozenset({'Columm 6', 'Row 1'}): ['SW6', 'SW13'], frozenset({'Row 1', 'Columm 5'}): ['SW5', 'SW12'], frozenset({'Row 1', 'Columm 3'}): ['SW10', 'SW3'], frozenset({'Columm 2', 'Row 1'}): ['SW9', 'SW2'], frozenset({'Row 5', 'Columm 8'}): ['SW66'], frozenset({'Columm 9', 'Row 5'}): ['SW67'], frozenset({'Row 5', 'Columm 7'}): ['SW65'], frozenset({'Row 5', 'Columm 6'}): ['SW64', 'SW61'], frozenset({'Row 5', 'Columm 3'}): ['SW62', 'SW60'], frozenset({'Row 5', 'Columm 2'}): ['SW59'], frozenset({'Row 5', 'Columm 1'}): ['SW58'], frozenset({'Columm 9', 'Row 4'}): ['SW57'], frozenset({'Columm 6', 'Row 4'}): ['SW55', 'SW49'], frozenset({'Columm 2', 'Row 4'}): ['SW51'], frozenset({'Row 5', 'Columm 5'}): ['SW63'], frozenset({'Row 4', 'Columm 4'}): ['SW53', 'SW47'], frozenset({'Row 4', 'Columm 8'}): ['SW56'], frozenset({'Row 4', 'Columm 7'}): ['SW50'], frozenset({'Row 4', 'Columm 3'}): ['SW52', 'SW46'], frozenset({'Row 4', 'Columm 5'}): ['SW54', 'SW48'], frozenset({'Columm 9', 'Row 3'}): ['SW44'], frozenset({'Columm 6', 'Row 3'}): ['SW42', 'SW36'], frozenset({'Row 3', 'Columm 8'}): ['SW43'], frozenset({'Row 4', 'Columm 1'}): ['SW45']})
DEBUG: key_placer.py:145: Diodes by switch: {'SW66': ['D66'], 'SW63': ['D63'], 'SW61': ['D61'], 'SW60': ['D60'], 'SW59': ['D59'], 'SW65': ['D65'], 'SW67': ['D67'], 'SW64': ['D64'], 'SW62': ['D62'], 'SW56': ['D56'], 'SW52': ['D52'], 'SW48': ['D48'], 'SW50': ['D50'], 'SW57': ['D57'], 'SW53': ['D53'], 'SW49': ['D49'], 'SW54': ['D54'], 'SW58': ['D58'], 'SW55': ['D55'], 'SW51': ['D51'], 'SW45': ['D45'], 'SW44': ['D44'], 'SW43': ['D43'], 'SW42': ['D42'], 'SW40': ['D40'], 'SW41': ['D41'], 'SW38': ['D38'], 'SW46': ['D46'], 'SW47': ['D47'], 'SW36': ['D36'], 'SW31': ['D31'], 'SW30': ['D30'], 'SW33': ['D33'], 'SW34': ['D34'], 'SW39': ['D39'], 'SW35': ['D35'], 'SW37': ['D37'], 'SW32': ['D32'], 'SW28': ['D28'], 'SW26': ['D26'], 'SW27': ['D27'], 'SW22': ['D22'], 'SW23': ['D23'], 'SW24': ['D24'], 'SW21': ['D21'], 'SW20': ['D20'], 'SW29': ['D29'], 'SW25': ['D25'], 'SW19': ['D19'], 'SW18': ['D18'], 'SW13': ['D13'], 'SW17': ['D17'], 'SW16': ['D16'], 'SW15': ['D15'], 'SW14': ['D14'], 'SW11': ['D11'], 'SW9': ['D9'], 'SW8': ['D8'], 'SW2': ['D2'], 'SW6': ['D6'], 'SW5': ['D5'], 'SW1': ['D1'], 'SW3': ['D3'], 'SW12': ['D12'], 'SW10': ['D10'], 'SW7': ['D7'], 'SW4': ['D4']}
INFO: kle_serial.py:931: User layout: [['Esc', '1', '2', '3', '4', '5', '6', {'x': 1}, '7', '8', '9', '0', '-', '=', {'w': 2}, 'Backspace', 'PrtSc'], [{'w': 1.5}, 'Tab', 'Q', 'W', 'E', 'R', 'T', {'x': 1}, 'Z', 'U', 'I', 'O', 'P', '/', ')', {'w': 1.5}, '|', {'a': 6}, 'Left'], [{'a': 4, 'w': 1.75}, 'Caps Lock', 'A', 'S', 'D', 'F', 'G', {'x': 1}, 'H', 'J', 'K', 'L', {'f': 6}, ':', {'f': 5}, '"', {'f': 3, 'w': 2.25}, 'Enter', 'Down'], [{'w': 2.25}, 'Shift', 'y', 'x', 'c', 'v', 'b', {'x': 1}, 'n', 'm', '<', '>', '?', {'w': 2.75}, 'Shift', 'Up'], [{'w': 1.25}, 'Ctrl', {'w': 1.25}, 'Win', {'w': 1.25}, 'Alt', {'w': 2.75}, 'Space', {'x': 1.5, 'w': 3}, 'Space', {'w': 1.25}, 'AltGr', {'w': 1.25}, 'Fn', {'w': 1.25}, 'Win', {'w': 1.25}, 'Ctrl', 'Right']]
DEBUG: key_placer.py:724: Layout offset: (28575000, 28575000)
DEBUG: kle_serial.py:990: Layout with: x_ortholinear_keys=25, y_ortholinear_keys=67, rotated_keys=0, encoders=0, iso_enters=0 and unrecognized_shape_keys=0
DEBUG: kle_serial.py:1015: Layout tagged: [<KeyboardTag.ROW_STAGGERED: 2>]
DEBUG: board_modifier.py:94: Setting SW1 footprint position: (38100000, 38100000)
DEBUG: board_modifier.py:94: Setting SW2 footprint position: (57150000, 38100000)
DEBUG: board_modifier.py:94: Setting SW3 footprint position: (76200000, 38100000)
DEBUG: board_modifier.py:94: Setting SW4 footprint position: (95250000, 38100000)
DEBUG: board_modifier.py:94: Setting SW5 footprint position: (114300000, 38100000)
DEBUG: board_modifier.py:94: Setting SW6 footprint position: (133350000, 38100000)
DEBUG: board_modifier.py:94: Setting SW7 footprint position: (152400000, 38100000)
DEBUG: board_modifier.py:94: Setting SW8 footprint position: (190500000, 38100000)
DEBUG: board_modifier.py:94: Setting SW9 footprint position: (209550000, 38100000)
DEBUG: board_modifier.py:94: Setting SW10 footprint position: (228600000, 38100000)
DEBUG: board_modifier.py:94: Setting SW11 footprint position: (247650000, 38100000)
DEBUG: board_modifier.py:94: Setting SW12 footprint position: (266700000, 38100000)
DEBUG: board_modifier.py:94: Setting SW13 footprint position: (285750000, 38100000)
DEBUG: board_modifier.py:94: Setting SW14 footprint position: (314325000, 38100000)
DEBUG: board_modifier.py:94: Setting SW15 footprint position: (342900000, 38100000)
DEBUG: board_modifier.py:94: Setting SW16 footprint position: (42862500, 57150000)
DEBUG: board_modifier.py:94: Setting SW17 footprint position: (66675000, 57150000)
DEBUG: board_modifier.py:94: Setting SW18 footprint position: (85725000, 57150000)
DEBUG: board_modifier.py:94: Setting SW19 footprint position: (104775000, 57150000)
DEBUG: board_modifier.py:94: Setting SW20 footprint position: (123825000, 57150000)
DEBUG: board_modifier.py:94: Setting SW21 footprint position: (142875000, 57150000)
DEBUG: board_modifier.py:94: Setting SW22 footprint position: (180975000, 57150000)
DEBUG: board_modifier.py:94: Setting SW23 footprint position: (200025000, 57150000)
DEBUG: board_modifier.py:94: Setting SW24 footprint position: (219075000, 57150000)
DEBUG: board_modifier.py:94: Setting SW25 footprint position: (238125000, 57150000)
DEBUG: board_modifier.py:94: Setting SW26 footprint position: (257175000, 57150000)
DEBUG: board_modifier.py:94: Setting SW27 footprint position: (276225000, 57150000)
DEBUG: board_modifier.py:94: Setting SW28 footprint position: (295275000, 57150000)
DEBUG: board_modifier.py:94: Setting SW29 footprint position: (319087500, 57150000)
DEBUG: board_modifier.py:94: Setting SW30 footprint position: (342900000, 57150000)
DEBUG: board_modifier.py:94: Setting SW31 footprint position: (45243750, 76200000)
DEBUG: board_modifier.py:94: Setting SW32 footprint position: (71437500, 76200000)
DEBUG: board_modifier.py:94: Setting SW33 footprint position: (90487500, 76200000)
DEBUG: board_modifier.py:94: Setting SW34 footprint position: (109537500, 76200000)
DEBUG: board_modifier.py:94: Setting SW35 footprint position: (128587500, 76200000)
DEBUG: board_modifier.py:94: Setting SW36 footprint position: (147637500, 76200000)
DEBUG: board_modifier.py:94: Setting SW37 footprint position: (185737500, 76200000)
DEBUG: board_modifier.py:94: Setting SW38 footprint position: (204787500, 76200000)
DEBUG: board_modifier.py:94: Setting SW39 footprint position: (223837500, 76200000)
DEBUG: board_modifier.py:94: Setting SW40 footprint position: (242887500, 76200000)
DEBUG: board_modifier.py:94: Setting SW41 footprint position: (261937500, 76200000)
DEBUG: board_modifier.py:94: Setting SW42 footprint position: (280987500, 76200000)
DEBUG: board_modifier.py:94: Setting SW43 footprint position: (311943750, 76200000)
DEBUG: board_modifier.py:94: Setting SW44 footprint position: (342900000, 76200000)
DEBUG: board_modifier.py:94: Setting SW45 footprint position: (50006250, 95250000)
DEBUG: board_modifier.py:94: Setting SW46 footprint position: (80962500, 95250000)
DEBUG: board_modifier.py:94: Setting SW47 footprint position: (100012500, 95250000)
DEBUG: board_modifier.py:94: Setting SW48 footprint position: (119062500, 95250000)
DEBUG: board_modifier.py:94: Setting SW49 footprint position: (138112500, 95250000)
DEBUG: board_modifier.py:94: Setting SW50 footprint position: (157162500, 95250000)
DEBUG: board_modifier.py:94: Setting SW51 footprint position: (195262500, 95250000)
DEBUG: board_modifier.py:94: Setting SW52 footprint position: (214312500, 95250000)
DEBUG: board_modifier.py:94: Setting SW53 footprint position: (233362500, 95250000)
DEBUG: board_modifier.py:94: Setting SW54 footprint position: (252412500, 95250000)
DEBUG: board_modifier.py:94: Setting SW55 footprint position: (271462500, 95250000)
DEBUG: board_modifier.py:94: Setting SW56 footprint position: (307181250, 95250000)
DEBUG: board_modifier.py:94: Setting SW57 footprint position: (342900000, 95250000)
DEBUG: board_modifier.py:94: Setting SW58 footprint position: (40481250, 114300000)
DEBUG: board_modifier.py:94: Setting SW59 footprint position: (64293750, 114300000)
DEBUG: board_modifier.py:94: Setting SW60 footprint position: (88106250, 114300000)
DEBUG: board_modifier.py:94: Setting SW61 footprint position: (126206250, 114300000)
DEBUG: board_modifier.py:94: Setting SW62 footprint position: (209550000, 114300000)
DEBUG: board_modifier.py:94: Setting SW63 footprint position: (250031250, 114300000)
DEBUG: board_modifier.py:94: Setting SW64 footprint position: (273843750, 114300000)
DEBUG: board_modifier.py:94: Setting SW65 footprint position: (297656250, 114300000)
DEBUG: board_modifier.py:94: Setting SW66 footprint position: (321468750, 114300000)
DEBUG: board_modifier.py:94: Setting SW67 footprint position: (342900000, 114300000)
INFO: key_placer.py:1078: Diode info: [ElementInfo(annotation_format='D{}', position_option=<PositionOption.DEFAULT: 'Default'>, position=ElementPosition(x=5.08, y=3.03, orientation=90.0, side=<Side.BACK: 'Back'>), template_path='')]
DEBUG: board_modifier.py:107: Getting SW1 footprint position: (38100000, 38100000)
DEBUG: board_modifier.py:94: Setting D1 footprint position: (43180000, 41130000)
DEBUG: board_modifier.py:107: Getting SW2 footprint position: (57150000, 38100000)
DEBUG: board_modifier.py:94: Setting D2 footprint position: (62230000, 41130000)
DEBUG: board_modifier.py:107: Getting SW3 footprint position: (76200000, 38100000)
DEBUG: board_modifier.py:94: Setting D3 footprint position: (81280000, 41130000)
DEBUG: board_modifier.py:107: Getting SW4 footprint position: (95250000, 38100000)
DEBUG: board_modifier.py:94: Setting D4 footprint position: (100330000, 41130000)
DEBUG: board_modifier.py:107: Getting SW5 footprint position: (114300000, 38100000)
DEBUG: board_modifier.py:94: Setting D5 footprint position: (119380000, 41130000)
DEBUG: board_modifier.py:107: Getting SW6 footprint position: (133350000, 38100000)
DEBUG: board_modifier.py:94: Setting D6 footprint position: (138430000, 41130000)
DEBUG: board_modifier.py:107: Getting SW7 footprint position: (152400000, 38100000)
DEBUG: board_modifier.py:94: Setting D7 footprint position: (157480000, 41130000)
DEBUG: board_modifier.py:107: Getting SW8 footprint position: (190500000, 38100000)
DEBUG: board_modifier.py:94: Setting D8 footprint position: (195580000, 41130000)
DEBUG: board_modifier.py:107: Getting SW9 footprint position: (209550000, 38100000)
DEBUG: board_modifier.py:94: Setting D9 footprint position: (214630000, 41130000)
DEBUG: board_modifier.py:107: Getting SW10 footprint position: (228600000, 38100000)
DEBUG: board_modifier.py:94: Setting D10 footprint position: (233680000, 41130000)
DEBUG: board_modifier.py:107: Getting SW11 footprint position: (247650000, 38100000)
DEBUG: board_modifier.py:94: Setting D11 footprint position: (252730000, 41130000)
DEBUG: board_modifier.py:107: Getting SW12 footprint position: (266700000, 38100000)
DEBUG: board_modifier.py:94: Setting D12 footprint position: (271780000, 41130000)
DEBUG: board_modifier.py:107: Getting SW13 footprint position: (285750000, 38100000)
DEBUG: board_modifier.py:94: Setting D13 footprint position: (290830000, 41130000)
DEBUG: board_modifier.py:107: Getting SW14 footprint position: (314325000, 38100000)
DEBUG: board_modifier.py:94: Setting D14 footprint position: (319405000, 41130000)
DEBUG: board_modifier.py:107: Getting SW15 footprint position: (342900000, 38100000)
DEBUG: board_modifier.py:94: Setting D15 footprint position: (347980000, 41130000)
DEBUG: board_modifier.py:107: Getting SW16 footprint position: (42862500, 57150000)
DEBUG: board_modifier.py:94: Setting D16 footprint position: (47942500, 60180000)
DEBUG: board_modifier.py:107: Getting SW17 footprint position: (66675000, 57150000)
DEBUG: board_modifier.py:94: Setting D17 footprint position: (71755000, 60180000)
DEBUG: board_modifier.py:107: Getting SW18 footprint position: (85725000, 57150000)
DEBUG: board_modifier.py:94: Setting D18 footprint position: (90805000, 60180000)
DEBUG: board_modifier.py:107: Getting SW19 footprint position: (104775000, 57150000)
DEBUG: board_modifier.py:94: Setting D19 footprint position: (109855000, 60180000)
DEBUG: board_modifier.py:107: Getting SW20 footprint position: (123825000, 57150000)
DEBUG: board_modifier.py:94: Setting D20 footprint position: (128905000, 60180000)
DEBUG: board_modifier.py:107: Getting SW21 footprint position: (142875000, 57150000)
DEBUG: board_modifier.py:94: Setting D21 footprint position: (147955000, 60180000)
DEBUG: board_modifier.py:107: Getting SW22 footprint position: (180975000, 57150000)
DEBUG: board_modifier.py:94: Setting D22 footprint position: (186055000, 60180000)
DEBUG: board_modifier.py:107: Getting SW23 footprint position: (200025000, 57150000)
DEBUG: board_modifier.py:94: Setting D23 footprint position: (205105000, 60180000)
DEBUG: board_modifier.py:107: Getting SW24 footprint position: (219075000, 57150000)
DEBUG: board_modifier.py:94: Setting D24 footprint position: (224155000, 60180000)
DEBUG: board_modifier.py:107: Getting SW25 footprint position: (238125000, 57150000)
DEBUG: board_modifier.py:94: Setting D25 footprint position: (243205000, 60180000)
DEBUG: board_modifier.py:107: Getting SW26 footprint position: (257175000, 57150000)
DEBUG: board_modifier.py:94: Setting D26 footprint position: (262255000, 60180000)
DEBUG: board_modifier.py:107: Getting SW27 footprint position: (276225000, 57150000)
DEBUG: board_modifier.py:94: Setting D27 footprint position: (281305000, 60180000)
DEBUG: board_modifier.py:107: Getting SW28 footprint position: (295275000, 57150000)
DEBUG: board_modifier.py:94: Setting D28 footprint position: (300355000, 60180000)
DEBUG: board_modifier.py:107: Getting SW29 footprint position: (319087500, 57150000)
DEBUG: board_modifier.py:94: Setting D29 footprint position: (324167500, 60180000)
DEBUG: board_modifier.py:107: Getting SW30 footprint position: (342900000, 57150000)
DEBUG: board_modifier.py:94: Setting D30 footprint position: (347980000, 60180000)
DEBUG: board_modifier.py:107: Getting SW31 footprint position: (45243750, 76200000)
DEBUG: board_modifier.py:94: Setting D31 footprint position: (50323750, 79230000)
DEBUG: board_modifier.py:107: Getting SW32 footprint position: (71437500, 76200000)
DEBUG: board_modifier.py:94: Setting D32 footprint position: (76517500, 79230000)
DEBUG: board_modifier.py:107: Getting SW33 footprint position: (90487500, 76200000)
DEBUG: board_modifier.py:94: Setting D33 footprint position: (95567500, 79230000)
DEBUG: board_modifier.py:107: Getting SW34 footprint position: (109537500, 76200000)
DEBUG: board_modifier.py:94: Setting D34 footprint position: (114617500, 79230000)
DEBUG: board_modifier.py:107: Getting SW35 footprint position: (128587500, 76200000)
DEBUG: board_modifier.py:94: Setting D35 footprint position: (133667500, 79230000)
DEBUG: board_modifier.py:107: Getting SW36 footprint position: (147637500, 76200000)
DEBUG: board_modifier.py:94: Setting D36 footprint position: (152717500, 79230000)
DEBUG: board_modifier.py:107: Getting SW37 footprint position: (185737500, 76200000)
DEBUG: board_modifier.py:94: Setting D37 footprint position: (190817500, 79230000)
DEBUG: board_modifier.py:107: Getting SW38 footprint position: (204787500, 76200000)
DEBUG: board_modifier.py:94: Setting D38 footprint position: (209867500, 79230000)
DEBUG: board_modifier.py:107: Getting SW39 footprint position: (223837500, 76200000)
DEBUG: board_modifier.py:94: Setting D39 footprint position: (228917500, 79230000)
DEBUG: board_modifier.py:107: Getting SW40 footprint position: (242887500, 76200000)
DEBUG: board_modifier.py:94: Setting D40 footprint position: (247967500, 79230000)
DEBUG: board_modifier.py:107: Getting SW41 footprint position: (261937500, 76200000)
DEBUG: board_modifier.py:94: Setting D41 footprint position: (267017500, 79230000)
DEBUG: board_modifier.py:107: Getting SW42 footprint position: (280987500, 76200000)
DEBUG: board_modifier.py:94: Setting D42 footprint position: (286067500, 79230000)
DEBUG: board_modifier.py:107: Getting SW43 footprint position: (311943750, 76200000)
DEBUG: board_modifier.py:94: Setting D43 footprint position: (317023750, 79230000)
DEBUG: board_modifier.py:107: Getting SW44 footprint position: (342900000, 76200000)
DEBUG: board_modifier.py:94: Setting D44 footprint position: (347980000, 79230000)
DEBUG: board_modifier.py:107: Getting SW45 footprint position: (50006250, 95250000)
DEBUG: board_modifier.py:94: Setting D45 footprint position: (55086250, 98280000)
DEBUG: board_modifier.py:107: Getting SW46 footprint position: (80962500, 95250000)
DEBUG: board_modifier.py:94: Setting D46 footprint position: (86042500, 98280000)
DEBUG: board_modifier.py:107: Getting SW47 footprint position: (100012500, 95250000)
DEBUG: board_modifier.py:94: Setting D47 footprint position: (105092500, 98280000)
DEBUG: board_modifier.py:107: Getting SW48 footprint position: (119062500, 95250000)
DEBUG: board_modifier.py:94: Setting D48 footprint position: (124142500, 98280000)
DEBUG: board_modifier.py:107: Getting SW49 footprint position: (138112500, 95250000)
DEBUG: board_modifier.py:94: Setting D49 footprint position: (143192500, 98280000)
DEBUG: board_modifier.py:107: Getting SW50 footprint position: (157162500, 95250000)
DEBUG: board_modifier.py:94: Setting D50 footprint position: (162242500, 98280000)
DEBUG: board_modifier.py:107: Getting SW51 footprint position: (195262500, 95250000)
DEBUG: board_modifier.py:94: Setting D51 footprint position: (200342500, 98280000)
DEBUG: board_modifier.py:107: Getting SW52 footprint position: (214312500, 95250000)
DEBUG: board_modifier.py:94: Setting D52 footprint position: (219392500, 98280000)
DEBUG: board_modifier.py:107: Getting SW53 footprint position: (233362500, 95250000)
DEBUG: board_modifier.py:94: Setting D53 footprint position: (238442500, 98280000)
DEBUG: board_modifier.py:107: Getting SW54 footprint position: (252412500, 95250000)
DEBUG: board_modifier.py:94: Setting D54 footprint position: (257492500, 98280000)
DEBUG: board_modifier.py:107: Getting SW55 footprint position: (271462500, 95250000)
DEBUG: board_modifier.py:94: Setting D55 footprint position: (276542500, 98280000)
DEBUG: board_modifier.py:107: Getting SW56 footprint position: (307181250, 95250000)
DEBUG: board_modifier.py:94: Setting D56 footprint position: (312261250, 98280000)
DEBUG: board_modifier.py:107: Getting SW57 footprint position: (342900000, 95250000)
DEBUG: board_modifier.py:94: Setting D57 footprint position: (347980000, 98280000)
DEBUG: board_modifier.py:107: Getting SW58 footprint position: (40481250, 114300000)
DEBUG: board_modifier.py:94: Setting D58 footprint position: (45561250, 117330000)
DEBUG: board_modifier.py:107: Getting SW59 footprint position: (64293750, 114300000)
DEBUG: board_modifier.py:94: Setting D59 footprint position: (69373750, 117330000)
DEBUG: board_modifier.py:107: Getting SW60 footprint position: (88106250, 114300000)
DEBUG: board_modifier.py:94: Setting D60 footprint position: (93186250, 117330000)
DEBUG: board_modifier.py:107: Getting SW61 footprint position: (126206250, 114300000)
DEBUG: board_modifier.py:94: Setting D61 footprint position: (131286250, 117330000)
DEBUG: board_modifier.py:107: Getting SW62 footprint position: (209550000, 114300000)
DEBUG: board_modifier.py:94: Setting D62 footprint position: (214630000, 117330000)
DEBUG: board_modifier.py:107: Getting SW63 footprint position: (250031250, 114300000)
DEBUG: board_modifier.py:94: Setting D63 footprint position: (255111250, 117330000)
DEBUG: board_modifier.py:107: Getting SW64 footprint position: (273843750, 114300000)
DEBUG: board_modifier.py:94: Setting D64 footprint position: (278923750, 117330000)
DEBUG: board_modifier.py:107: Getting SW65 footprint position: (297656250, 114300000)
DEBUG: board_modifier.py:94: Setting D65 footprint position: (302736250, 117330000)
DEBUG: board_modifier.py:107: Getting SW66 footprint position: (321468750, 114300000)
DEBUG: board_modifier.py:94: Setting D66 footprint position: (326548750, 117330000)
DEBUG: board_modifier.py:107: Getting SW67 footprint position: (342900000, 114300000)
DEBUG: board_modifier.py:94: Setting D67 footprint position: (347980000, 117330000)
DEBUG: key_placer.py:854: Placing additional elements for SW33
DEBUG: board_modifier.py:107: Getting SW33 footprint position: (90487500, 76200000)
DEBUG: board_modifier.py:84: Searching for optional ST33 footprint in C:/Users/thoma/OneDrive/Dokumenty/Splitt Keyboard/Splitt Keyboard.kicad_pcb
DEBUG: board_modifier.py:89: Footprint not found
DEBUG: key_placer.py:854: Placing additional elements for SW30
DEBUG: board_modifier.py:107: Getting SW30 footprint position: (342900000, 57150000)
DEBUG: board_modifier.py:84: Searching for optional ST30 footprint in C:/Users/thoma/OneDrive/Dokumenty/Splitt Keyboard/Splitt Keyboard.kicad_pcb
DEBUG: board_modifier.py:89: Footprint not found
DEBUG: key_placer.py:854: Placing additional elements for SW34
DEBUG: board_modifier.py:107: Getting SW34 footprint position: (109537500, 76200000)
DEBUG: board_modifier.py:84: Searching for optional ST34 footprint in C:/Users/thoma/OneDrive/Dokumenty/Splitt Keyboard/Splitt Keyboard.kicad_pcb
DEBUG: board_modifier.py:89: Footprint not found
DEBUG: key_placer.py:854: Placing additional elements for SW32
DEBUG: board_modifier.py:107: Getting SW32 footprint position: (71437500, 76200000)
DEBUG: board_modifier.py:84: Searching for optional ST32 footprint in C:/Users/thoma/OneDrive/Dokumenty/Splitt Keyboard/Splitt Keyboard.kicad_pcb
DEBUG: board_modifier.py:89: Footprint not found
DEBUG: key_placer.py:854: Placing additional elements for SW28
DEBUG: board_modifier.py:107: Getting SW28 footprint position: (295275000, 57150000)
DEBUG: board_modifier.py:84: Searching for optional ST28 footprint in C:/Users/thoma/OneDrive/Dokumenty/Splitt Keyboard/Splitt Keyboard.kicad_pcb
DEBUG: board_modifier.py:89: Footprint not found
DEBUG: key_placer.py:854: Placing additional elements for SW27
DEBUG: board_modifier.py:107: Getting SW27 footprint position: (276225000, 57150000)
DEBUG: board_modifier.py:84: Searching for optional ST27 footprint in C:/Users/thoma/OneDrive/Dokumenty/Splitt Keyboard/Splitt Keyboard.kicad_pcb
DEBUG: board_modifier.py:89: Footprint not found
DEBUG: key_placer.py:854: Placing additional elements for SW29
DEBUG: board_modifier.py:107: Getting SW29 footprint position: (319087500, 57150000)
DEBUG: board_modifier.py:84: Searching for optional ST29 footprint in C:/Users/thoma/OneDrive/Dokumenty/Splitt Keyboard/Splitt Keyboard.kicad_pcb
DEBUG: board_modifier.py:89: Footprint not found
DEBUG: key_placer.py:854: Placing additional elements for SW31
DEBUG: board_modifier.py:107: Getting SW31 footprint position: (45243750, 76200000)
DEBUG: board_modifier.py:84: Searching for optional ST31 footprint in C:/Users/thoma/OneDrive/Dokumenty/Splitt Keyboard/Splitt Keyboard.kicad_pcb
DEBUG: board_modifier.py:89: Footprint not found
DEBUG: key_placer.py:854: Placing additional elements for SW35
DEBUG: board_modifier.py:107: Getting SW35 footprint position: (128587500, 76200000)
DEBUG: board_modifier.py:84: Searching for optional ST35 footprint in C:/Users/thoma/OneDrive/Dokumenty/Splitt Keyboard/Splitt Keyboard.kicad_pcb
DEBUG: board_modifier.py:89: Footprint not found
DEBUG: key_placer.py:854: Placing additional elements for SW19
DEBUG: board_modifier.py:107: Getting SW19 footprint position: (104775000, 57150000)
DEBUG: board_modifier.py:84: Searching for optional ST19 footprint in C:/Users/thoma/OneDrive/Dokumenty/Splitt Keyboard/Splitt Keyboard.kicad_pcb
DEBUG: board_modifier.py:89: Footprint not found
DEBUG: key_placer.py:854: Placing additional elements for SW17
DEBUG: board_modifier.py:107: Getting SW17 footprint position: (66675000, 57150000)
DEBUG: board_modifier.py:84: Searching for optional ST17 footprint in C:/Users/thoma/OneDrive/Dokumenty/Splitt Keyboard/Splitt Keyboard.kicad_pcb
DEBUG: board_modifier.py:89: Footprint not found
DEBUG: key_placer.py:854: Placing additional elements for SW25
DEBUG: board_modifier.py:107: Getting SW25 footprint position: (238125000, 57150000)
DEBUG: board_modifier.py:84: Searching for optional ST25 footprint in C:/Users/thoma/OneDrive/Dokumenty/Splitt Keyboard/Splitt Keyboard.kicad_pcb
DEBUG: board_modifier.py:89: Footprint not found
DEBUG: key_placer.py:854: Placing additional elements for SW22
DEBUG: board_modifier.py:107: Getting SW22 footprint position: (180975000, 57150000)
DEBUG: board_modifier.py:84: Searching for optional ST22 footprint in C:/Users/thoma/OneDrive/Dokumenty/Splitt Keyboard/Splitt Keyboard.kicad_pcb
DEBUG: board_modifier.py:89: Footprint not found
DEBUG: key_placer.py:854: Placing additional elements for SW21
DEBUG: board_modifier.py:107: Getting SW21 footprint position: (142875000, 57150000)
DEBUG: board_modifier.py:84: Searching for optional ST21 footprint in C:/Users/thoma/OneDrive/Dokumenty/Splitt Keyboard/Splitt Keyboard.kicad_pcb
DEBUG: board_modifier.py:89: Footprint not found
DEBUG: key_placer.py:854: Placing additional elements for SW20
DEBUG: board_modifier.py:107: Getting SW20 footprint position: (123825000, 57150000)
DEBUG: board_modifier.py:84: Searching for optional ST20 footprint in C:/Users/thoma/OneDrive/Dokumenty/Splitt Keyboard/Splitt Keyboard.kicad_pcb
DEBUG: board_modifier.py:89: Footprint not found
DEBUG: key_placer.py:854: Placing additional elements for SW23
DEBUG: board_modifier.py:107: Getting SW23 footprint position: (200025000, 57150000)
DEBUG: board_modifier.py:84: Searching for optional ST23 footprint in C:/Users/thoma/OneDrive/Dokumenty/Splitt Keyboard/Splitt Keyboard.kicad_pcb
DEBUG: board_modifier.py:89: Footprint not found
DEBUG: key_placer.py:854: Placing additional elements for SW24
DEBUG: board_modifier.py:107: Getting SW24 footprint position: (219075000, 57150000)
DEBUG: board_modifier.py:84: Searching for optional ST24 footprint in C:/Users/thoma/OneDrive/Dokumenty/Splitt Keyboard/Splitt Keyboard.kicad_pcb
DEBUG: board_modifier.py:89: Footprint not found
DEBUG: key_placer.py:854: Placing additional elements for SW26
DEBUG: board_modifier.py:107: Getting SW26 footprint position: (257175000, 57150000)
DEBUG: board_modifier.py:84: Searching for optional ST26 footprint in C:/Users/thoma/OneDrive/Dokumenty/Splitt Keyboard/Splitt Keyboard.kicad_pcb
DEBUG: board_modifier.py:89: Footprint not found
DEBUG: key_placer.py:854: Placing additional elements for SW18
DEBUG: board_modifier.py:107: Getting SW18 footprint position: (85725000, 57150000)
DEBUG: board_modifier.py:84: Searching for optional ST18 footprint in C:/Users/thoma/OneDrive/Dokumenty/Splitt Keyboard/Splitt Keyboard.kicad_pcb
DEBUG: board_modifier.py:89: Footprint not found
DEBUG: key_placer.py:854: Placing additional elements for SW16
DEBUG: board_modifier.py:107: Getting SW16 footprint position: (42862500, 57150000)
DEBUG: board_modifier.py:84: Searching for optional ST16 footprint in C:/Users/thoma/OneDrive/Dokumenty/Splitt Keyboard/Splitt Keyboard.kicad_pcb
DEBUG: board_modifier.py:89: Footprint not found
DEBUG: key_placer.py:854: Placing additional elements for SW15
DEBUG: board_modifier.py:107: Getting SW15 footprint position: (342900000, 38100000)
DEBUG: board_modifier.py:84: Searching for optional ST15 footprint in C:/Users/thoma/OneDrive/Dokumenty/Splitt Keyboard/Splitt Keyboard.kicad_pcb
DEBUG: board_modifier.py:89: Footprint not found
DEBUG: key_placer.py:854: Placing additional elements for SW14
DEBUG: board_modifier.py:107: Getting SW14 footprint position: (314325000, 38100000)
DEBUG: board_modifier.py:84: Searching for optional ST14 footprint in C:/Users/thoma/OneDrive/Dokumenty/Splitt Keyboard/Splitt Keyboard.kicad_pcb
DEBUG: board_modifier.py:89: Footprint not found
DEBUG: key_placer.py:854: Placing additional elements for SW11
DEBUG: board_modifier.py:107: Getting SW11 footprint position: (247650000, 38100000)
DEBUG: board_modifier.py:84: Searching for optional ST11 footprint in C:/Users/thoma/OneDrive/Dokumenty/Splitt Keyboard/Splitt Keyboard.kicad_pcb
DEBUG: board_modifier.py:89: Footprint not found
DEBUG: key_placer.py:854: Placing additional elements for SW8
DEBUG: board_modifier.py:107: Getting SW8 footprint position: (190500000, 38100000)
DEBUG: board_modifier.py:84: Searching for optional ST8 footprint in C:/Users/thoma/OneDrive/Dokumenty/Splitt Keyboard/Splitt Keyboard.kicad_pcb
DEBUG: board_modifier.py:89: Footprint not found
DEBUG: key_placer.py:854: Placing additional elements for SW7
DEBUG: board_modifier.py:107: Getting SW7 footprint position: (152400000, 38100000)
DEBUG: board_modifier.py:84: Searching for optional ST7 footprint in C:/Users/thoma/OneDrive/Dokumenty/Splitt Keyboard/Splitt Keyboard.kicad_pcb
DEBUG: board_modifier.py:89: Footprint not found
DEBUG: key_placer.py:854: Placing additional elements for SW6
DEBUG: board_modifier.py:107: Getting SW6 footprint position: (133350000, 38100000)
DEBUG: board_modifier.py:84: Searching for optional ST6 footprint in C:/Users/thoma/OneDrive/Dokumenty/Splitt Keyboard/Splitt Keyboard.kicad_pcb
DEBUG: board_modifier.py:89: Footprint not found
DEBUG: key_placer.py:854: Placing additional elements for SW5
DEBUG: board_modifier.py:107: Getting SW5 footprint position: (114300000, 38100000)
DEBUG: board_modifier.py:84: Searching for optional ST5 footprint in C:/Users/thoma/OneDrive/Dokumenty/Splitt Keyboard/Splitt Keyboard.kicad_pcb
DEBUG: board_modifier.py:89: Footprint not found
DEBUG: key_placer.py:854: Placing additional elements for SW12
DEBUG: board_modifier.py:107: Getting SW12 footprint position: (266700000, 38100000)
DEBUG: board_modifier.py:84: Searching for optional ST12 footprint in C:/Users/thoma/OneDrive/Dokumenty/Splitt Keyboard/Splitt Keyboard.kicad_pcb
DEBUG: board_modifier.py:89: Footprint not found
DEBUG: key_placer.py:854: Placing additional elements for SW10
DEBUG: board_modifier.py:107: Getting SW10 footprint position: (228600000, 38100000)
DEBUG: board_modifier.py:84: Searching for optional ST10 footprint in C:/Users/thoma/OneDrive/Dokumenty/Splitt Keyboard/Splitt Keyboard.kicad_pcb
DEBUG: board_modifier.py:89: Footprint not found
DEBUG: key_placer.py:854: Placing additional elements for SW9
DEBUG: board_modifier.py:107: Getting SW9 footprint position: (209550000, 38100000)
DEBUG: board_modifier.py:84: Searching for optional ST9 footprint in C:/Users/thoma/OneDrive/Dokumenty/Splitt Keyboard/Splitt Keyboard.kicad_pcb
DEBUG: board_modifier.py:89: Footprint not found
DEBUG: key_placer.py:854: Placing additional elements for SW13
DEBUG: board_modifier.py:107: Getting SW13 footprint position: (285750000, 38100000)
DEBUG: board_modifier.py:84: Searching for optional ST13 footprint in C:/Users/thoma/OneDrive/Dokumenty/Splitt Keyboard/Splitt Keyboard.kicad_pcb
DEBUG: board_modifier.py:89: Footprint not found
DEBUG: key_placer.py:854: Placing additional elements for SW3
DEBUG: board_modifier.py:107: Getting SW3 footprint position: (76200000, 38100000)
DEBUG: board_modifier.py:84: Searching for optional ST3 footprint in C:/Users/thoma/OneDrive/Dokumenty/Splitt Keyboard/Splitt Keyboard.kicad_pcb
DEBUG: board_modifier.py:89: Footprint not found
DEBUG: key_placer.py:854: Placing additional elements for SW1
DEBUG: board_modifier.py:107: Getting SW1 footprint position: (38100000, 38100000)
DEBUG: board_modifier.py:84: Searching for optional ST1 footprint in C:/Users/thoma/OneDrive/Dokumenty/Splitt Keyboard/Splitt Keyboard.kicad_pcb
DEBUG: board_modifier.py:89: Footprint not found
DEBUG: key_placer.py:854: Placing additional elements for SW2
DEBUG: board_modifier.py:107: Getting SW2 footprint position: (57150000, 38100000)
DEBUG: board_modifier.py:84: Searching for optional ST2 footprint in C:/Users/thoma/OneDrive/Dokumenty/Splitt Keyboard/Splitt Keyboard.kicad_pcb
DEBUG: board_modifier.py:89: Footprint not found
DEBUG: key_placer.py:854: Placing additional elements for SW4
DEBUG: board_modifier.py:107: Getting SW4 footprint position: (95250000, 38100000)
DEBUG: board_modifier.py:84: Searching for optional ST4 footprint in C:/Users/thoma/OneDrive/Dokumenty/Splitt Keyboard/Splitt Keyboard.kicad_pcb
DEBUG: board_modifier.py:89: Footprint not found
DEBUG: key_placer.py:854: Placing additional elements for SW66
DEBUG: board_modifier.py:107: Getting SW66 footprint position: (321468750, 114300000)
DEBUG: board_modifier.py:84: Searching for optional ST66 footprint in C:/Users/thoma/OneDrive/Dokumenty/Splitt Keyboard/Splitt Keyboard.kicad_pcb
DEBUG: board_modifier.py:89: Footprint not found
DEBUG: key_placer.py:854: Placing additional elements for SW67
DEBUG: board_modifier.py:107: Getting SW67 footprint position: (342900000, 114300000)
DEBUG: board_modifier.py:84: Searching for optional ST67 footprint in C:/Users/thoma/OneDrive/Dokumenty/Splitt Keyboard/Splitt Keyboard.kicad_pcb
DEBUG: board_modifier.py:89: Footprint not found
DEBUG: key_placer.py:854: Placing additional elements for SW65
DEBUG: board_modifier.py:107: Getting SW65 footprint position: (297656250, 114300000)
DEBUG: board_modifier.py:84: Searching for optional ST65 footprint in C:/Users/thoma/OneDrive/Dokumenty/Splitt Keyboard/Splitt Keyboard.kicad_pcb
DEBUG: board_modifier.py:89: Footprint not found
DEBUG: key_placer.py:854: Placing additional elements for SW64
DEBUG: board_modifier.py:107: Getting SW64 footprint position: (273843750, 114300000)
DEBUG: board_modifier.py:84: Searching for optional ST64 footprint in C:/Users/thoma/OneDrive/Dokumenty/Splitt Keyboard/Splitt Keyboard.kicad_pcb
DEBUG: board_modifier.py:89: Footprint not found
DEBUG: key_placer.py:854: Placing additional elements for SW62
DEBUG: board_modifier.py:107: Getting SW62 footprint position: (209550000, 114300000)
DEBUG: board_modifier.py:84: Searching for optional ST62 footprint in C:/Users/thoma/OneDrive/Dokumenty/Splitt Keyboard/Splitt Keyboard.kicad_pcb
DEBUG: board_modifier.py:89: Footprint not found
DEBUG: key_placer.py:854: Placing additional elements for SW61
DEBUG: board_modifier.py:107: Getting SW61 footprint position: (126206250, 114300000)
DEBUG: board_modifier.py:84: Searching for optional ST61 footprint in C:/Users/thoma/OneDrive/Dokumenty/Splitt Keyboard/Splitt Keyboard.kicad_pcb
DEBUG: board_modifier.py:89: Footprint not found
DEBUG: key_placer.py:854: Placing additional elements for SW59
DEBUG: board_modifier.py:107: Getting SW59 footprint position: (64293750, 114300000)
DEBUG: board_modifier.py:84: Searching for optional ST59 footprint in C:/Users/thoma/OneDrive/Dokumenty/Splitt Keyboard/Splitt Keyboard.kicad_pcb
DEBUG: board_modifier.py:89: Footprint not found
DEBUG: key_placer.py:854: Placing additional elements for SW58
DEBUG: board_modifier.py:107: Getting SW58 footprint position: (40481250, 114300000)
DEBUG: board_modifier.py:84: Searching for optional ST58 footprint in C:/Users/thoma/OneDrive/Dokumenty/Splitt Keyboard/Splitt Keyboard.kicad_pcb
DEBUG: board_modifier.py:89: Footprint not found
DEBUG: key_placer.py:854: Placing additional elements for SW57
DEBUG: board_modifier.py:107: Getting SW57 footprint position: (342900000, 95250000)
DEBUG: board_modifier.py:84: Searching for optional ST57 footprint in C:/Users/thoma/OneDrive/Dokumenty/Splitt Keyboard/Splitt Keyboard.kicad_pcb
DEBUG: board_modifier.py:89: Footprint not found
DEBUG: key_placer.py:854: Placing additional elements for SW55
DEBUG: board_modifier.py:107: Getting SW55 footprint position: (271462500, 95250000)
DEBUG: board_modifier.py:84: Searching for optional ST55 footprint in C:/Users/thoma/OneDrive/Dokumenty/Splitt Keyboard/Splitt Keyboard.kicad_pcb
DEBUG: board_modifier.py:89: Footprint not found
DEBUG: key_placer.py:854: Placing additional elements for SW51
DEBUG: board_modifier.py:107: Getting SW51 footprint position: (195262500, 95250000)
DEBUG: board_modifier.py:84: Searching for optional ST51 footprint in C:/Users/thoma/OneDrive/Dokumenty/Splitt Keyboard/Splitt Keyboard.kicad_pcb
DEBUG: board_modifier.py:89: Footprint not found
DEBUG: key_placer.py:854: Placing additional elements for SW49
DEBUG: board_modifier.py:107: Getting SW49 footprint position: (138112500, 95250000)
DEBUG: board_modifier.py:84: Searching for optional ST49 footprint in C:/Users/thoma/OneDrive/Dokumenty/Splitt Keyboard/Splitt Keyboard.kicad_pcb
DEBUG: board_modifier.py:89: Footprint not found
DEBUG: key_placer.py:854: Placing additional elements for SW63
DEBUG: board_modifier.py:107: Getting SW63 footprint position: (250031250, 114300000)
DEBUG: board_modifier.py:84: Searching for optional ST63 footprint in C:/Users/thoma/OneDrive/Dokumenty/Splitt Keyboard/Splitt Keyboard.kicad_pcb
DEBUG: board_modifier.py:89: Footprint not found
DEBUG: key_placer.py:854: Placing additional elements for SW53
DEBUG: board_modifier.py:107: Getting SW53 footprint position: (233362500, 95250000)
DEBUG: board_modifier.py:84: Searching for optional ST53 footprint in C:/Users/thoma/OneDrive/Dokumenty/Splitt Keyboard/Splitt Keyboard.kicad_pcb
DEBUG: board_modifier.py:89: Footprint not found
DEBUG: key_placer.py:854: Placing additional elements for SW60
DEBUG: board_modifier.py:107: Getting SW60 footprint position: (88106250, 114300000)
DEBUG: board_modifier.py:84: Searching for optional ST60 footprint in C:/Users/thoma/OneDrive/Dokumenty/Splitt Keyboard/Splitt Keyboard.kicad_pcb
DEBUG: board_modifier.py:89: Footprint not found
DEBUG: key_placer.py:854: Placing additional elements for SW56
DEBUG: board_modifier.py:107: Getting SW56 footprint position: (307181250, 95250000)
DEBUG: board_modifier.py:84: Searching for optional ST56 footprint in C:/Users/thoma/OneDrive/Dokumenty/Splitt Keyboard/Splitt Keyboard.kicad_pcb
DEBUG: board_modifier.py:89: Footprint not found
DEBUG: key_placer.py:854: Placing additional elements for SW50
DEBUG: board_modifier.py:107: Getting SW50 footprint position: (157162500, 95250000)
DEBUG: board_modifier.py:84: Searching for optional ST50 footprint in C:/Users/thoma/OneDrive/Dokumenty/Splitt Keyboard/Splitt Keyboard.kicad_pcb
DEBUG: board_modifier.py:89: Footprint not found
DEBUG: key_placer.py:854: Placing additional elements for SW52
DEBUG: board_modifier.py:107: Getting SW52 footprint position: (214312500, 95250000)
DEBUG: board_modifier.py:84: Searching for optional ST52 footprint in C:/Users/thoma/OneDrive/Dokumenty/Splitt Keyboard/Splitt Keyboard.kicad_pcb
DEBUG: board_modifier.py:89: Footprint not found
DEBUG: key_placer.py:854: Placing additional elements for SW54
DEBUG: board_modifier.py:107: Getting SW54 footprint position: (252412500, 95250000)
DEBUG: board_modifier.py:84: Searching for optional ST54 footprint in C:/Users/thoma/OneDrive/Dokumenty/Splitt Keyboard/Splitt Keyboard.kicad_pcb
DEBUG: board_modifier.py:89: Footprint not found
DEBUG: key_placer.py:854: Placing additional elements for SW47
DEBUG: board_modifier.py:107: Getting SW47 footprint position: (100012500, 95250000)
DEBUG: board_modifier.py:84: Searching for optional ST47 footprint in C:/Users/thoma/OneDrive/Dokumenty/Splitt Keyboard/Splitt Keyboard.kicad_pcb
DEBUG: board_modifier.py:89: Footprint not found
DEBUG: key_placer.py:854: Placing additional elements for SW46
DEBUG: board_modifier.py:107: Getting SW46 footprint position: (80962500, 95250000)
DEBUG: board_modifier.py:84: Searching for optional ST46 footprint in C:/Users/thoma/OneDrive/Dokumenty/Splitt Keyboard/Splitt Keyboard.kicad_pcb
DEBUG: board_modifier.py:89: Footprint not found
DEBUG: key_placer.py:854: Placing additional elements for SW44
DEBUG: board_modifier.py:107: Getting SW44 footprint position: (342900000, 76200000)
DEBUG: board_modifier.py:84: Searching for optional ST44 footprint in C:/Users/thoma/OneDrive/Dokumenty/Splitt Keyboard/Splitt Keyboard.kicad_pcb
DEBUG: board_modifier.py:89: Footprint not found
DEBUG: key_placer.py:854: Placing additional elements for SW42
DEBUG: board_modifier.py:107: Getting SW42 footprint position: (280987500, 76200000)
DEBUG: board_modifier.py:84: Searching for optional ST42 footprint in C:/Users/thoma/OneDrive/Dokumenty/Splitt Keyboard/Splitt Keyboard.kicad_pcb
DEBUG: board_modifier.py:89: Footprint not found
DEBUG: key_placer.py:854: Placing additional elements for SW40
DEBUG: board_modifier.py:107: Getting SW40 footprint position: (242887500, 76200000)
DEBUG: board_modifier.py:84: Searching for optional ST40 footprint in C:/Users/thoma/OneDrive/Dokumenty/Splitt Keyboard/Splitt Keyboard.kicad_pcb
DEBUG: board_modifier.py:89: Footprint not found
DEBUG: key_placer.py:854: Placing additional elements for SW38
DEBUG: board_modifier.py:107: Getting SW38 footprint position: (204787500, 76200000)
DEBUG: board_modifier.py:84: Searching for optional ST38 footprint in C:/Users/thoma/OneDrive/Dokumenty/Splitt Keyboard/Splitt Keyboard.kicad_pcb
DEBUG: board_modifier.py:89: Footprint not found
DEBUG: key_placer.py:854: Placing additional elements for SW36
DEBUG: board_modifier.py:107: Getting SW36 footprint position: (147637500, 76200000)
DEBUG: board_modifier.py:84: Searching for optional ST36 footprint in C:/Users/thoma/OneDrive/Dokumenty/Splitt Keyboard/Splitt Keyboard.kicad_pcb
DEBUG: board_modifier.py:89: Footprint not found
DEBUG: key_placer.py:854: Placing additional elements for SW37
DEBUG: board_modifier.py:107: Getting SW37 footprint position: (185737500, 76200000)
DEBUG: board_modifier.py:84: Searching for optional ST37 footprint in C:/Users/thoma/OneDrive/Dokumenty/Splitt Keyboard/Splitt Keyboard.kicad_pcb
DEBUG: board_modifier.py:89: Footprint not found
DEBUG: key_placer.py:854: Placing additional elements for SW48
DEBUG: board_modifier.py:107: Getting SW48 footprint position: (119062500, 95250000)
DEBUG: board_modifier.py:84: Searching for optional ST48 footprint in C:/Users/thoma/OneDrive/Dokumenty/Splitt Keyboard/Splitt Keyboard.kicad_pcb
DEBUG: board_modifier.py:89: Footprint not found
DEBUG: key_placer.py:854: Placing additional elements for SW43
DEBUG: board_modifier.py:107: Getting SW43 footprint position: (311943750, 76200000)
DEBUG: board_modifier.py:84: Searching for optional ST43 footprint in C:/Users/thoma/OneDrive/Dokumenty/Splitt Keyboard/Splitt Keyboard.kicad_pcb
DEBUG: board_modifier.py:89: Footprint not found
DEBUG: key_placer.py:854: Placing additional elements for SW45
DEBUG: board_modifier.py:107: Getting SW45 footprint position: (50006250, 95250000)
DEBUG: board_modifier.py:84: Searching for optional ST45 footprint in C:/Users/thoma/OneDrive/Dokumenty/Splitt Keyboard/Splitt Keyboard.kicad_pcb
DEBUG: board_modifier.py:89: Footprint not found
DEBUG: key_placer.py:854: Placing additional elements for SW39
DEBUG: board_modifier.py:107: Getting SW39 footprint position: (223837500, 76200000)
DEBUG: board_modifier.py:84: Searching for optional ST39 footprint in C:/Users/thoma/OneDrive/Dokumenty/Splitt Keyboard/Splitt Keyboard.kicad_pcb
DEBUG: board_modifier.py:89: Footprint not found
DEBUG: key_placer.py:854: Placing additional elements for SW41
DEBUG: board_modifier.py:107: Getting SW41 footprint position: (261937500, 76200000)
DEBUG: board_modifier.py:84: Searching for optional ST41 footprint in C:/Users/thoma/OneDrive/Dokumenty/Splitt Keyboard/Splitt Keyboard.kicad_pcb
DEBUG: board_modifier.py:89: Footprint not found
